CRITICAL - 2022-12-20 00:00:51 --> You must set the database table to be used with your query.
in SYSTEMPATH\Database\BaseConnection.php on line 845.
 1 SYSTEMPATH\Model.php(587): CodeIgniter\Database\BaseConnection->table(null)
 2 SYSTEMPATH\Model.php(764): CodeIgniter\Model->builder()
 3 APPPATH\Models\MainModel.php(108): CodeIgniter\Model->__call('db', [...])
 4 APPPATH\Controllers\Landing.php(85): App\Models\MainModel->apply_now_insert([...])
 5 SYSTEMPATH\CodeIgniter.php(927): App\Controllers\Landing->career_apply()
 6 SYSTEMPATH\CodeIgniter.php(482): CodeIgniter\CodeIgniter->runController(Object(App\Controllers\Landing))
 7 SYSTEMPATH\CodeIgniter.php(351): CodeIgniter\CodeIgniter->handleRequest(null, Object(Config\Cache), false)
 8 FCPATH\index.php(67): CodeIgniter\CodeIgniter->run()
CRITICAL - 2022-12-20 00:09:13 --> You must set the database table to be used with your query.
in SYSTEMPATH\Database\BaseConnection.php on line 845.
 1 SYSTEMPATH\Model.php(587): CodeIgniter\Database\BaseConnection->table(null)
 2 SYSTEMPATH\Model.php(764): CodeIgniter\Model->builder()
 3 APPPATH\Models\MainModel.php(108): CodeIgniter\Model->__call('db', [...])
 4 APPPATH\Controllers\Landing.php(87): App\Models\MainModel->apply_now_insert([...])
 5 SYSTEMPATH\CodeIgniter.php(927): App\Controllers\Landing->career_apply()
 6 SYSTEMPATH\CodeIgniter.php(482): CodeIgniter\CodeIgniter->runController(Object(App\Controllers\Landing))
 7 SYSTEMPATH\CodeIgniter.php(351): CodeIgniter\CodeIgniter->handleRequest(null, Object(Config\Cache), false)
 8 FCPATH\index.php(67): CodeIgniter\CodeIgniter->run()
CRITICAL - 2022-12-20 00:10:10 --> The route for "website/careers" cannot be found.
in SYSTEMPATH\HTTP\RedirectResponse.php on line 60.
 1 SYSTEMPATH\HTTP\RedirectResponse.php(60): CodeIgniter\HTTP\Exceptions\HTTPException::forInvalidRedirectRoute('website/careers')
 2 SYSTEMPATH\Common.php(860): CodeIgniter\HTTP\RedirectResponse->route(false)
 3 APPPATH\Controllers\Landing.php(86): redirect('website/careers')
 4 SYSTEMPATH\CodeIgniter.php(927): App\Controllers\Landing->career_apply()
 5 SYSTEMPATH\CodeIgniter.php(482): CodeIgniter\CodeIgniter->runController(Object(App\Controllers\Landing))
 6 SYSTEMPATH\CodeIgniter.php(351): CodeIgniter\CodeIgniter->handleRequest(null, Object(Config\Cache), false)
 7 FCPATH\index.php(67): CodeIgniter\CodeIgniter->run()
CRITICAL - 2022-12-20 00:41:33 --> Call to a member function hasMoved() on null
in APPPATH\Models\MainModel.php on line 99.
 1 APPPATH\Controllers\Landing.php(87): App\Models\MainModel->apply_now_insert([...], null)
 2 SYSTEMPATH\CodeIgniter.php(927): App\Controllers\Landing->career_apply()
 3 SYSTEMPATH\CodeIgniter.php(482): CodeIgniter\CodeIgniter->runController(Object(App\Controllers\Landing))
 4 SYSTEMPATH\CodeIgniter.php(351): CodeIgniter\CodeIgniter->handleRequest(null, Object(Config\Cache), false)
 5 FCPATH\index.php(67): CodeIgniter\CodeIgniter->run()
CRITICAL - 2022-12-20 00:41:41 --> Call to a member function hasMoved() on null
in APPPATH\Models\MainModel.php on line 99.
 1 APPPATH\Controllers\Landing.php(87): App\Models\MainModel->apply_now_insert([...], null)
 2 SYSTEMPATH\CodeIgniter.php(927): App\Controllers\Landing->career_apply()
 3 SYSTEMPATH\CodeIgniter.php(482): CodeIgniter\CodeIgniter->runController(Object(App\Controllers\Landing))
 4 SYSTEMPATH\CodeIgniter.php(351): CodeIgniter\CodeIgniter->handleRequest(null, Object(Config\Cache), false)
 5 FCPATH\index.php(67): CodeIgniter\CodeIgniter->run()
CRITICAL - 2022-12-20 00:43:09 --> Call to a member function getName() on null
in APPPATH\Models\MainModel.php on line 100.
 1 APPPATH\Controllers\Landing.php(87): App\Models\MainModel->apply_now_insert([...], null)
 2 SYSTEMPATH\CodeIgniter.php(927): App\Controllers\Landing->career_apply()
 3 SYSTEMPATH\CodeIgniter.php(482): CodeIgniter\CodeIgniter->runController(Object(App\Controllers\Landing))
 4 SYSTEMPATH\CodeIgniter.php(351): CodeIgniter\CodeIgniter->handleRequest(null, Object(Config\Cache), false)
 5 FCPATH\index.php(67): CodeIgniter\CodeIgniter->run()
CRITICAL - 2022-12-20 00:55:32 --> Call to a member function hasMoved() on null
in APPPATH\Models\MainModel.php on line 98.
 1 APPPATH\Controllers\Landing.php(87): App\Models\MainModel->apply_now_insert([...], null)
 2 SYSTEMPATH\CodeIgniter.php(927): App\Controllers\Landing->career_apply()
 3 SYSTEMPATH\CodeIgniter.php(482): CodeIgniter\CodeIgniter->runController(Object(App\Controllers\Landing))
 4 SYSTEMPATH\CodeIgniter.php(351): CodeIgniter\CodeIgniter->handleRequest(null, Object(Config\Cache), false)
 5 FCPATH\index.php(67): CodeIgniter\CodeIgniter->run()
CRITICAL - 2022-12-20 00:56:57 --> Undefined index: file1
in APPPATH\Controllers\Landing.php on line 84.
 1 APPPATH\Controllers\Landing.php(84): CodeIgniter\Debug\Exceptions->errorHandler(8, 'Undefined index: file1', 'APPPATH\\Controllers\\Landing.php', 84, [...])
 2 SYSTEMPATH\CodeIgniter.php(927): App\Controllers\Landing->career_apply()
 3 SYSTEMPATH\CodeIgniter.php(482): CodeIgniter\CodeIgniter->runController(Object(App\Controllers\Landing))
 4 SYSTEMPATH\CodeIgniter.php(351): CodeIgniter\CodeIgniter->handleRequest(null, Object(Config\Cache), false)
 5 FCPATH\index.php(67): CodeIgniter\CodeIgniter->run()
CRITICAL - 2022-12-20 00:57:55 --> Undefined index: file1
in APPPATH\Controllers\Landing.php on line 84.
 1 APPPATH\Controllers\Landing.php(84): CodeIgniter\Debug\Exceptions->errorHandler(8, 'Undefined index: file1', 'APPPATH\\Controllers\\Landing.php', 84, [...])
 2 SYSTEMPATH\CodeIgniter.php(927): App\Controllers\Landing->career_apply()
 3 SYSTEMPATH\CodeIgniter.php(482): CodeIgniter\CodeIgniter->runController(Object(App\Controllers\Landing))
 4 SYSTEMPATH\CodeIgniter.php(351): CodeIgniter\CodeIgniter->handleRequest(null, Object(Config\Cache), false)
 5 FCPATH\index.php(67): CodeIgniter\CodeIgniter->run()
CRITICAL - 2022-12-20 00:58:44 --> Undefined index: file1
in APPPATH\Controllers\Landing.php on line 84.
 1 APPPATH\Controllers\Landing.php(84): CodeIgniter\Debug\Exceptions->errorHandler(8, 'Undefined index: file1', 'APPPATH\\Controllers\\Landing.php', 84, [...])
 2 SYSTEMPATH\CodeIgniter.php(927): App\Controllers\Landing->career_apply()
 3 SYSTEMPATH\CodeIgniter.php(482): CodeIgniter\CodeIgniter->runController(Object(App\Controllers\Landing))
 4 SYSTEMPATH\CodeIgniter.php(351): CodeIgniter\CodeIgniter->handleRequest(null, Object(Config\Cache), false)
 5 FCPATH\index.php(67): CodeIgniter\CodeIgniter->run()
CRITICAL - 2022-12-20 01:00:12 --> Undefined index: file1
in APPPATH\Controllers\Landing.php on line 84.
 1 APPPATH\Controllers\Landing.php(84): CodeIgniter\Debug\Exceptions->errorHandler(8, 'Undefined index: file1', 'APPPATH\\Controllers\\Landing.php', 84, [...])
 2 SYSTEMPATH\CodeIgniter.php(927): App\Controllers\Landing->career_apply()
 3 SYSTEMPATH\CodeIgniter.php(482): CodeIgniter\CodeIgniter->runController(Object(App\Controllers\Landing))
 4 SYSTEMPATH\CodeIgniter.php(351): CodeIgniter\CodeIgniter->handleRequest(null, Object(Config\Cache), false)
 5 FCPATH\index.php(67): CodeIgniter\CodeIgniter->run()
CRITICAL - 2022-12-20 01:04:37 --> Undefined index: file1
in APPPATH\Controllers\Landing.php on line 84.
 1 APPPATH\Controllers\Landing.php(84): CodeIgniter\Debug\Exceptions->errorHandler(8, 'Undefined index: file1', 'APPPATH\\Controllers\\Landing.php', 84, [...])
 2 SYSTEMPATH\CodeIgniter.php(927): App\Controllers\Landing->career_apply()
 3 SYSTEMPATH\CodeIgniter.php(482): CodeIgniter\CodeIgniter->runController(Object(App\Controllers\Landing))
 4 SYSTEMPATH\CodeIgniter.php(351): CodeIgniter\CodeIgniter->handleRequest(null, Object(Config\Cache), false)
 5 FCPATH\index.php(67): CodeIgniter\CodeIgniter->run()
CRITICAL - 2022-12-20 01:16:31 --> Call to a member function hasMoved() on null
in APPPATH\Models\MainModel.php on line 98.
 1 APPPATH\Controllers\Landing.php(85): App\Models\MainModel->apply_now_insert([...], null)
 2 SYSTEMPATH\CodeIgniter.php(927): App\Controllers\Landing->career_apply()
 3 SYSTEMPATH\CodeIgniter.php(482): CodeIgniter\CodeIgniter->runController(Object(App\Controllers\Landing))
 4 SYSTEMPATH\CodeIgniter.php(351): CodeIgniter\CodeIgniter->handleRequest(null, Object(Config\Cache), false)
 5 FCPATH\index.php(67): CodeIgniter\CodeIgniter->run()
CRITICAL - 2022-12-20 01:19:39 --> Call to a member function hasMoved() on null
in APPPATH\Models\MainModel.php on line 98.
 1 APPPATH\Controllers\Landing.php(85): App\Models\MainModel->apply_now_insert([...], null)
 2 SYSTEMPATH\CodeIgniter.php(927): App\Controllers\Landing->career_apply()
 3 SYSTEMPATH\CodeIgniter.php(482): CodeIgniter\CodeIgniter->runController(Object(App\Controllers\Landing))
 4 SYSTEMPATH\CodeIgniter.php(351): CodeIgniter\CodeIgniter->handleRequest(null, Object(Config\Cache), false)
 5 FCPATH\index.php(67): CodeIgniter\CodeIgniter->run()
CRITICAL - 2022-12-20 01:20:28 --> Call to a member function hasMoved() on null
in APPPATH\Models\MainModel.php on line 98.
 1 APPPATH\Controllers\Landing.php(86): App\Models\MainModel->apply_now_insert([...], null)
 2 SYSTEMPATH\CodeIgniter.php(927): App\Controllers\Landing->career_apply()
 3 SYSTEMPATH\CodeIgniter.php(482): CodeIgniter\CodeIgniter->runController(Object(App\Controllers\Landing))
 4 SYSTEMPATH\CodeIgniter.php(351): CodeIgniter\CodeIgniter->handleRequest(null, Object(Config\Cache), false)
 5 FCPATH\index.php(67): CodeIgniter\CodeIgniter->run()
CRITICAL - 2022-12-20 01:22:02 --> Undefined index: position
in APPPATH\Models\MainModel.php on line 109.
 1 APPPATH\Models\MainModel.php(109): CodeIgniter\Debug\Exceptions->errorHandler(8, 'Undefined index: position', 'APPPATH\\Models\\MainModel.php', 109, [...])
 2 APPPATH\Controllers\Landing.php(88): App\Models\MainModel->apply_now_insert([...], Object(CodeIgniter\HTTP\Files\UploadedFile))
 3 SYSTEMPATH\CodeIgniter.php(927): App\Controllers\Landing->career_apply()
 4 SYSTEMPATH\CodeIgniter.php(482): CodeIgniter\CodeIgniter->runController(Object(App\Controllers\Landing))
 5 SYSTEMPATH\CodeIgniter.php(351): CodeIgniter\CodeIgniter->handleRequest(null, Object(Config\Cache), false)
 6 FCPATH\index.php(67): CodeIgniter\CodeIgniter->run()
CRITICAL - 2022-12-20 01:24:25 --> Undefined index: apply_pos
in APPPATH\Models\MainModel.php on line 109.
 1 APPPATH\Models\MainModel.php(109): CodeIgniter\Debug\Exceptions->errorHandler(8, 'Undefined index: apply_pos', 'APPPATH\\Models\\MainModel.php', 109, [...])
 2 APPPATH\Controllers\Landing.php(88): App\Models\MainModel->apply_now_insert([...], Object(CodeIgniter\HTTP\Files\UploadedFile))
 3 SYSTEMPATH\CodeIgniter.php(927): App\Controllers\Landing->career_apply()
 4 SYSTEMPATH\CodeIgniter.php(482): CodeIgniter\CodeIgniter->runController(Object(App\Controllers\Landing))
 5 SYSTEMPATH\CodeIgniter.php(351): CodeIgniter\CodeIgniter->handleRequest(null, Object(Config\Cache), false)
 6 FCPATH\index.php(67): CodeIgniter\CodeIgniter->run()
CRITICAL - 2022-12-20 01:27:59 --> The route for "career" cannot be found.
in SYSTEMPATH\HTTP\RedirectResponse.php on line 60.
 1 SYSTEMPATH\HTTP\RedirectResponse.php(60): CodeIgniter\HTTP\Exceptions\HTTPException::forInvalidRedirectRoute('career')
 2 APPPATH\Controllers\Landing.php(87): CodeIgniter\HTTP\RedirectResponse->route(false)
 3 SYSTEMPATH\CodeIgniter.php(927): App\Controllers\Landing->career_apply()
 4 SYSTEMPATH\CodeIgniter.php(482): CodeIgniter\CodeIgniter->runController(Object(App\Controllers\Landing))
 5 SYSTEMPATH\CodeIgniter.php(351): CodeIgniter\CodeIgniter->handleRequest(null, Object(Config\Cache), false)
 6 FCPATH\index.php(67): CodeIgniter\CodeIgniter->run()
CRITICAL - 2022-12-20 01:28:34 --> The route for "website/career" cannot be found.
in SYSTEMPATH\HTTP\RedirectResponse.php on line 60.
 1 SYSTEMPATH\HTTP\RedirectResponse.php(60): CodeIgniter\HTTP\Exceptions\HTTPException::forInvalidRedirectRoute('website/career')
 2 APPPATH\Controllers\Landing.php(87): CodeIgniter\HTTP\RedirectResponse->route(false)
 3 SYSTEMPATH\CodeIgniter.php(927): App\Controllers\Landing->career_apply()
 4 SYSTEMPATH\CodeIgniter.php(482): CodeIgniter\CodeIgniter->runController(Object(App\Controllers\Landing))
 5 SYSTEMPATH\CodeIgniter.php(351): CodeIgniter\CodeIgniter->handleRequest(null, Object(Config\Cache), false)
 6 FCPATH\index.php(67): CodeIgniter\CodeIgniter->run()
CRITICAL - 2022-12-20 01:33:43 --> Undefined index: apply_pos
in APPPATH\Models\MainModel.php on line 108.
 1 APPPATH\Models\MainModel.php(108): CodeIgniter\Debug\Exceptions->errorHandler(8, 'Undefined index: apply_pos', 'APPPATH\\Models\\MainModel.php', 108, [...])
 2 APPPATH\Controllers\Landing.php(86): App\Models\MainModel->apply_now_insert([...], Object(CodeIgniter\HTTP\Files\UploadedFile))
 3 SYSTEMPATH\CodeIgniter.php(927): App\Controllers\Landing->career_apply()
 4 SYSTEMPATH\CodeIgniter.php(482): CodeIgniter\CodeIgniter->runController(Object(App\Controllers\Landing))
 5 SYSTEMPATH\CodeIgniter.php(351): CodeIgniter\CodeIgniter->handleRequest(null, Object(Config\Cache), false)
 6 FCPATH\index.php(67): CodeIgniter\CodeIgniter->run()
CRITICAL - 2022-12-20 01:33:59 --> Undefined index: 
in APPPATH\Models\MainModel.php on line 108.
 1 APPPATH\Models\MainModel.php(108): CodeIgniter\Debug\Exceptions->errorHandler(8, 'Undefined index: ', 'APPPATH\\Models\\MainModel.php', 108, [...])
 2 APPPATH\Controllers\Landing.php(86): App\Models\MainModel->apply_now_insert([...], Object(CodeIgniter\HTTP\Files\UploadedFile))
 3 SYSTEMPATH\CodeIgniter.php(927): App\Controllers\Landing->career_apply()
 4 SYSTEMPATH\CodeIgniter.php(482): CodeIgniter\CodeIgniter->runController(Object(App\Controllers\Landing))
 5 SYSTEMPATH\CodeIgniter.php(351): CodeIgniter\CodeIgniter->handleRequest(null, Object(Config\Cache), false)
 6 FCPATH\index.php(67): CodeIgniter\CodeIgniter->run()
CRITICAL - 2022-12-20 01:34:21 --> Undefined index: apply
in APPPATH\Models\MainModel.php on line 108.
 1 APPPATH\Models\MainModel.php(108): CodeIgniter\Debug\Exceptions->errorHandler(8, 'Undefined index: apply', 'APPPATH\\Models\\MainModel.php', 108, [...])
 2 APPPATH\Controllers\Landing.php(86): App\Models\MainModel->apply_now_insert([...], Object(CodeIgniter\HTTP\Files\UploadedFile))
 3 SYSTEMPATH\CodeIgniter.php(927): App\Controllers\Landing->career_apply()
 4 SYSTEMPATH\CodeIgniter.php(482): CodeIgniter\CodeIgniter->runController(Object(App\Controllers\Landing))
 5 SYSTEMPATH\CodeIgniter.php(351): CodeIgniter\CodeIgniter->handleRequest(null, Object(Config\Cache), false)
 6 FCPATH\index.php(67): CodeIgniter\CodeIgniter->run()
CRITICAL - 2022-12-20 01:36:37 --> Undefined index: apply
in APPPATH\Models\MainModel.php on line 109.
 1 APPPATH\Models\MainModel.php(109): CodeIgniter\Debug\Exceptions->errorHandler(8, 'Undefined index: apply', 'APPPATH\\Models\\MainModel.php', 109, [...])
 2 APPPATH\Controllers\Landing.php(86): App\Models\MainModel->apply_now_insert([...], Object(CodeIgniter\HTTP\Files\UploadedFile))
 3 SYSTEMPATH\CodeIgniter.php(927): App\Controllers\Landing->career_apply()
 4 SYSTEMPATH\CodeIgniter.php(482): CodeIgniter\CodeIgniter->runController(Object(App\Controllers\Landing))
 5 SYSTEMPATH\CodeIgniter.php(351): CodeIgniter\CodeIgniter->handleRequest(null, Object(Config\Cache), false)
 6 FCPATH\index.php(67): CodeIgniter\CodeIgniter->run()
CRITICAL - 2022-12-20 01:47:54 --> Invalid file: careers_display.php
in SYSTEMPATH\Exceptions\FrameworkException.php on line 33.
 1 SYSTEMPATH\View\View.php(201): CodeIgniter\Exceptions\FrameworkException::forInvalidFile('careers_display.php')
 2 SYSTEMPATH\Common.php(1134): CodeIgniter\View\View->render('careers_display', [], true)
 3 APPPATH\Controllers\Dashboard.php(75): view('careers_display')
 4 SYSTEMPATH\CodeIgniter.php(927): App\Controllers\Dashboard->careers_display()
 5 SYSTEMPATH\CodeIgniter.php(482): CodeIgniter\CodeIgniter->runController(Object(App\Controllers\Dashboard))
 6 SYSTEMPATH\CodeIgniter.php(351): CodeIgniter\CodeIgniter->handleRequest(null, Object(Config\Cache), false)
 7 FCPATH\index.php(67): CodeIgniter\CodeIgniter->run()
CRITICAL - 2022-12-20 01:48:44 --> Undefined variable: contact
in APPPATH\Views\Admin\careers_display.php on line 40.
 1 APPPATH\Views\Admin\careers_display.php(40): CodeIgniter\Debug\Exceptions->errorHandler(8, 'Undefined variable: contact', 'APPPATH\\Views\\Admin\\careers_display.php', 40, [...])
 2 SYSTEMPATH\View\View.php(213): include('APPPATH\\Views\\Admin\\careers_display.php')
 3 SYSTEMPATH\View\View.php(216): CodeIgniter\View\View->CodeIgniter\View\{closure}()
 4 SYSTEMPATH\Common.php(1134): CodeIgniter\View\View->render('Admin/careers_display', [], true)
 5 APPPATH\Controllers\Dashboard.php(75): view('Admin/careers_display')
 6 SYSTEMPATH\CodeIgniter.php(927): App\Controllers\Dashboard->careers_display()
 7 SYSTEMPATH\CodeIgniter.php(482): CodeIgniter\CodeIgniter->runController(Object(App\Controllers\Dashboard))
 8 SYSTEMPATH\CodeIgniter.php(351): CodeIgniter\CodeIgniter->handleRequest(null, Object(Config\Cache), false)
 9 FCPATH\index.php(67): CodeIgniter\CodeIgniter->run()
CRITICAL - 2022-12-20 01:50:51 --> Undefined variable: num
in APPPATH\Views\Admin\careers_display.php on line 29.
 1 APPPATH\Views\Admin\careers_display.php(29): CodeIgniter\Debug\Exceptions->errorHandler(8, 'Undefined variable: num', 'APPPATH\\Views\\Admin\\careers_display.php', 29, [])
 2 SYSTEMPATH\View\View.php(213): include('APPPATH\\Views\\Admin\\careers_display.php')
 3 SYSTEMPATH\View\View.php(216): CodeIgniter\View\View->CodeIgniter\View\{closure}()
 4 SYSTEMPATH\Common.php(1134): CodeIgniter\View\View->render('Admin/careers_display', [], true)
 5 APPPATH\Controllers\Dashboard.php(75): view('Admin/careers_display')
 6 SYSTEMPATH\CodeIgniter.php(927): App\Controllers\Dashboard->careers_display()
 7 SYSTEMPATH\CodeIgniter.php(482): CodeIgniter\CodeIgniter->runController(Object(App\Controllers\Dashboard))
 8 SYSTEMPATH\CodeIgniter.php(351): CodeIgniter\CodeIgniter->handleRequest(null, Object(Config\Cache), false)
 9 FCPATH\index.php(67): CodeIgniter\CodeIgniter->run()
ERROR - 2022-12-20 02:15:43 --> mysqli_sql_exception: Unknown column 'assets' in 'where clause' in C:\wamp64\www\hedge-square\system\Database\MySQLi\Connection.php:292
Stack trace:
#0 C:\wamp64\www\hedge-square\system\Database\MySQLi\Connection.php(292): mysqli->query('SELECT * FROM b...', 0)
#1 C:\wamp64\www\hedge-square\system\Database\BaseConnection.php(666): CodeIgniter\Database\MySQLi\Connection->execute('SELECT * FROM b...')
#2 C:\wamp64\www\hedge-square\system\Database\BaseConnection.php(593): CodeIgniter\Database\BaseConnection->simpleQuery('SELECT * FROM b...')
#3 C:\wamp64\www\hedge-square\app\Models\MainModel.php(89): CodeIgniter\Database\BaseConnection->query('SELECT * FROM b...')
#4 C:\wamp64\www\hedge-square\app\Controllers\Landing.php(51): App\Models\MainModel->display_single_blog('assets')
#5 C:\wamp64\www\hedge-square\system\CodeIgniter.php(927): App\Controllers\Landing->blog_single('assets', 'js', 'popper.min.js')
#6 C:\wamp64\www\hedge-square\system\CodeIgniter.php(482): CodeIgniter\CodeIgniter->runController(Object(App\Controllers\Landing))
#7 C:\wamp64\www\hedge-square\system\CodeIgniter.php(351): CodeIgniter\CodeIgniter->handleRequest(NULL, Object(Config\Cache), false)
#8 C:\wamp64\www\hedge-square\public\index.php(67): CodeIgniter\CodeIgniter->run()
#9 {main}
CRITICAL - 2022-12-20 02:15:43 --> Unknown column 'assets' in 'where clause'
in SYSTEMPATH\Database\MySQLi\Connection.php on line 292.
 1 SYSTEMPATH\Database\MySQLi\Connection.php(292): mysqli->query('SELECT * FROM blogs WHERE id = assets', 0)
 2 SYSTEMPATH\Database\BaseConnection.php(666): CodeIgniter\Database\MySQLi\Connection->execute('SELECT * FROM blogs WHERE id = assets')
 3 SYSTEMPATH\Database\BaseConnection.php(593): CodeIgniter\Database\BaseConnection->simpleQuery('SELECT * FROM blogs WHERE id = assets')
 4 APPPATH\Models\MainModel.php(89): CodeIgniter\Database\BaseConnection->query('SELECT * FROM blogs WHERE id = assets')
 5 APPPATH\Controllers\Landing.php(51): App\Models\MainModel->display_single_blog('FCPATH\\assets')
 6 SYSTEMPATH\CodeIgniter.php(927): App\Controllers\Landing->blog_single('FCPATH\\assets', 'js', 'popper.min.js')
 7 SYSTEMPATH\CodeIgniter.php(482): CodeIgniter\CodeIgniter->runController(Object(App\Controllers\Landing))
 8 SYSTEMPATH\CodeIgniter.php(351): CodeIgniter\CodeIgniter->handleRequest(null, Object(Config\Cache), false)
 9 FCPATH\index.php(67): CodeIgniter\CodeIgniter->run()
ERROR - 2022-12-20 02:15:43 --> mysqli_sql_exception: Unknown column 'assets' in 'where clause' in C:\wamp64\www\hedge-square\system\Database\MySQLi\Connection.php:292
Stack trace:
#0 C:\wamp64\www\hedge-square\system\Database\MySQLi\Connection.php(292): mysqli->query('SELECT * FROM b...', 0)
#1 C:\wamp64\www\hedge-square\system\Database\BaseConnection.php(666): CodeIgniter\Database\MySQLi\Connection->execute('SELECT * FROM b...')
#2 C:\wamp64\www\hedge-square\system\Database\BaseConnection.php(593): CodeIgniter\Database\BaseConnection->simpleQuery('SELECT * FROM b...')
#3 C:\wamp64\www\hedge-square\app\Models\MainModel.php(89): CodeIgniter\Database\BaseConnection->query('SELECT * FROM b...')
#4 C:\wamp64\www\hedge-square\app\Controllers\Landing.php(51): App\Models\MainModel->display_single_blog('assets')
#5 C:\wamp64\www\hedge-square\system\CodeIgniter.php(927): App\Controllers\Landing->blog_single('assets', 'js', 'bootstrap.bundl...')
#6 C:\wamp64\www\hedge-square\system\CodeIgniter.php(482): CodeIgniter\CodeIgniter->runController(Object(App\Controllers\Landing))
#7 C:\wamp64\www\hedge-square\system\CodeIgniter.php(351): CodeIgniter\CodeIgniter->handleRequest(NULL, Object(Config\Cache), false)
#8 C:\wamp64\www\hedge-square\public\index.php(67): CodeIgniter\CodeIgniter->run()
#9 {main}
CRITICAL - 2022-12-20 02:15:43 --> Unknown column 'assets' in 'where clause'
in SYSTEMPATH\Database\MySQLi\Connection.php on line 292.
 1 SYSTEMPATH\Database\MySQLi\Connection.php(292): mysqli->query('SELECT * FROM blogs WHERE id = assets', 0)
 2 SYSTEMPATH\Database\BaseConnection.php(666): CodeIgniter\Database\MySQLi\Connection->execute('SELECT * FROM blogs WHERE id = assets')
 3 SYSTEMPATH\Database\BaseConnection.php(593): CodeIgniter\Database\BaseConnection->simpleQuery('SELECT * FROM blogs WHERE id = assets')
 4 APPPATH\Models\MainModel.php(89): CodeIgniter\Database\BaseConnection->query('SELECT * FROM blogs WHERE id = assets')
 5 APPPATH\Controllers\Landing.php(51): App\Models\MainModel->display_single_blog('FCPATH\\assets')
 6 SYSTEMPATH\CodeIgniter.php(927): App\Controllers\Landing->blog_single('FCPATH\\assets', 'js', 'bootstrap.bundle.min.js')
 7 SYSTEMPATH\CodeIgniter.php(482): CodeIgniter\CodeIgniter->runController(Object(App\Controllers\Landing))
 8 SYSTEMPATH\CodeIgniter.php(351): CodeIgniter\CodeIgniter->handleRequest(null, Object(Config\Cache), false)
 9 FCPATH\index.php(67): CodeIgniter\CodeIgniter->run()
ERROR - 2022-12-20 02:15:43 --> mysqli_sql_exception: Unknown column 'assets' in 'where clause' in C:\wamp64\www\hedge-square\system\Database\MySQLi\Connection.php:292
Stack trace:
#0 C:\wamp64\www\hedge-square\system\Database\MySQLi\Connection.php(292): mysqli->query('SELECT * FROM b...', 0)
#1 C:\wamp64\www\hedge-square\system\Database\BaseConnection.php(666): CodeIgniter\Database\MySQLi\Connection->execute('SELECT * FROM b...')
#2 C:\wamp64\www\hedge-square\system\Database\BaseConnection.php(593): CodeIgniter\Database\BaseConnection->simpleQuery('SELECT * FROM b...')
#3 C:\wamp64\www\hedge-square\app\Models\MainModel.php(89): CodeIgniter\Database\BaseConnection->query('SELECT * FROM b...')
#4 C:\wamp64\www\hedge-square\app\Controllers\Landing.php(51): App\Models\MainModel->display_single_blog('assets')
#5 C:\wamp64\www\hedge-square\system\CodeIgniter.php(927): App\Controllers\Landing->blog_single('assets', 'js', 'custom.js')
#6 C:\wamp64\www\hedge-square\system\CodeIgniter.php(482): CodeIgniter\CodeIgniter->runController(Object(App\Controllers\Landing))
#7 C:\wamp64\www\hedge-square\system\CodeIgniter.php(351): CodeIgniter\CodeIgniter->handleRequest(NULL, Object(Config\Cache), false)
#8 C:\wamp64\www\hedge-square\public\index.php(67): CodeIgniter\CodeIgniter->run()
#9 {main}
CRITICAL - 2022-12-20 02:15:43 --> Unknown column 'assets' in 'where clause'
in SYSTEMPATH\Database\MySQLi\Connection.php on line 292.
 1 SYSTEMPATH\Database\MySQLi\Connection.php(292): mysqli->query('SELECT * FROM blogs WHERE id = assets', 0)
 2 SYSTEMPATH\Database\BaseConnection.php(666): CodeIgniter\Database\MySQLi\Connection->execute('SELECT * FROM blogs WHERE id = assets')
 3 SYSTEMPATH\Database\BaseConnection.php(593): CodeIgniter\Database\BaseConnection->simpleQuery('SELECT * FROM blogs WHERE id = assets')
 4 APPPATH\Models\MainModel.php(89): CodeIgniter\Database\BaseConnection->query('SELECT * FROM blogs WHERE id = assets')
 5 APPPATH\Controllers\Landing.php(51): App\Models\MainModel->display_single_blog('FCPATH\\assets')
 6 SYSTEMPATH\CodeIgniter.php(927): App\Controllers\Landing->blog_single('FCPATH\\assets', 'js', 'custom.js')
 7 SYSTEMPATH\CodeIgniter.php(482): CodeIgniter\CodeIgniter->runController(Object(App\Controllers\Landing))
 8 SYSTEMPATH\CodeIgniter.php(351): CodeIgniter\CodeIgniter->handleRequest(null, Object(Config\Cache), false)
 9 FCPATH\index.php(67): CodeIgniter\CodeIgniter->run()
ERROR - 2022-12-20 02:15:43 --> mysqli_sql_exception: Unknown column 'assets' in 'where clause' in C:\wamp64\www\hedge-square\system\Database\MySQLi\Connection.php:292
Stack trace:
#0 C:\wamp64\www\hedge-square\system\Database\MySQLi\Connection.php(292): mysqli->query('SELECT * FROM b...', 0)
#1 C:\wamp64\www\hedge-square\system\Database\BaseConnection.php(666): CodeIgniter\Database\MySQLi\Connection->execute('SELECT * FROM b...')
#2 C:\wamp64\www\hedge-square\system\Database\BaseConnection.php(593): CodeIgniter\Database\BaseConnection->simpleQuery('SELECT * FROM b...')
#3 C:\wamp64\www\hedge-square\app\Models\MainModel.php(89): CodeIgniter\Database\BaseConnection->query('SELECT * FROM b...')
#4 C:\wamp64\www\hedge-square\app\Controllers\Landing.php(51): App\Models\MainModel->display_single_blog('assets')
#5 C:\wamp64\www\hedge-square\system\CodeIgniter.php(927): App\Controllers\Landing->blog_single('assets', 'resource', 'swiper', 'swiper.min.js')
#6 C:\wamp64\www\hedge-square\system\CodeIgniter.php(482): CodeIgniter\CodeIgniter->runController(Object(App\Controllers\Landing))
#7 C:\wamp64\www\hedge-square\system\CodeIgniter.php(351): CodeIgniter\CodeIgniter->handleRequest(NULL, Object(Config\Cache), false)
#8 C:\wamp64\www\hedge-square\public\index.php(67): CodeIgniter\CodeIgniter->run()
#9 {main}
ERROR - 2022-12-20 02:15:43 --> mysqli_sql_exception: Unknown column 'assets' in 'where clause' in C:\wamp64\www\hedge-square\system\Database\MySQLi\Connection.php:292
Stack trace:
#0 C:\wamp64\www\hedge-square\system\Database\MySQLi\Connection.php(292): mysqli->query('SELECT * FROM b...', 0)
#1 C:\wamp64\www\hedge-square\system\Database\BaseConnection.php(666): CodeIgniter\Database\MySQLi\Connection->execute('SELECT * FROM b...')
#2 C:\wamp64\www\hedge-square\system\Database\BaseConnection.php(593): CodeIgniter\Database\BaseConnection->simpleQuery('SELECT * FROM b...')
#3 C:\wamp64\www\hedge-square\app\Models\MainModel.php(89): CodeIgniter\Database\BaseConnection->query('SELECT * FROM b...')
#4 C:\wamp64\www\hedge-square\app\Controllers\Landing.php(51): App\Models\MainModel->display_single_blog('assets')
#5 C:\wamp64\www\hedge-square\system\CodeIgniter.php(927): App\Controllers\Landing->blog_single('assets', 'css', 'owl.carousel.mi...')
#6 C:\wamp64\www\hedge-square\system\CodeIgniter.php(482): CodeIgniter\CodeIgniter->runController(Object(App\Controllers\Landing))
#7 C:\wamp64\www\hedge-square\system\CodeIgniter.php(351): CodeIgniter\CodeIgniter->handleRequest(NULL, Object(Config\Cache), false)
#8 C:\wamp64\www\hedge-square\public\index.php(67): CodeIgniter\CodeIgniter->run()
#9 {main}
CRITICAL - 2022-12-20 02:15:43 --> Unknown column 'assets' in 'where clause'
in SYSTEMPATH\Database\MySQLi\Connection.php on line 292.
 1 SYSTEMPATH\Database\MySQLi\Connection.php(292): mysqli->query('SELECT * FROM blogs WHERE id = assets', 0)
 2 SYSTEMPATH\Database\BaseConnection.php(666): CodeIgniter\Database\MySQLi\Connection->execute('SELECT * FROM blogs WHERE id = assets')
 3 SYSTEMPATH\Database\BaseConnection.php(593): CodeIgniter\Database\BaseConnection->simpleQuery('SELECT * FROM blogs WHERE id = assets')
 4 APPPATH\Models\MainModel.php(89): CodeIgniter\Database\BaseConnection->query('SELECT * FROM blogs WHERE id = assets')
 5 APPPATH\Controllers\Landing.php(51): App\Models\MainModel->display_single_blog('FCPATH\\assets')
 6 SYSTEMPATH\CodeIgniter.php(927): App\Controllers\Landing->blog_single('FCPATH\\assets', 'resource', 'swiper', 'swiper.min.js')
 7 SYSTEMPATH\CodeIgniter.php(482): CodeIgniter\CodeIgniter->runController(Object(App\Controllers\Landing))
 8 SYSTEMPATH\CodeIgniter.php(351): CodeIgniter\CodeIgniter->handleRequest(null, Object(Config\Cache), false)
 9 FCPATH\index.php(67): CodeIgniter\CodeIgniter->run()
CRITICAL - 2022-12-20 02:15:43 --> Unknown column 'assets' in 'where clause'
in SYSTEMPATH\Database\MySQLi\Connection.php on line 292.
 1 SYSTEMPATH\Database\MySQLi\Connection.php(292): mysqli->query('SELECT * FROM blogs WHERE id = assets', 0)
 2 SYSTEMPATH\Database\BaseConnection.php(666): CodeIgniter\Database\MySQLi\Connection->execute('SELECT * FROM blogs WHERE id = assets')
 3 SYSTEMPATH\Database\BaseConnection.php(593): CodeIgniter\Database\BaseConnection->simpleQuery('SELECT * FROM blogs WHERE id = assets')
 4 APPPATH\Models\MainModel.php(89): CodeIgniter\Database\BaseConnection->query('SELECT * FROM blogs WHERE id = assets')
 5 APPPATH\Controllers\Landing.php(51): App\Models\MainModel->display_single_blog('FCPATH\\assets')
 6 SYSTEMPATH\CodeIgniter.php(927): App\Controllers\Landing->blog_single('FCPATH\\assets', 'css', 'owl.carousel.min.css')
 7 SYSTEMPATH\CodeIgniter.php(482): CodeIgniter\CodeIgniter->runController(Object(App\Controllers\Landing))
 8 SYSTEMPATH\CodeIgniter.php(351): CodeIgniter\CodeIgniter->handleRequest(null, Object(Config\Cache), false)
 9 FCPATH\index.php(67): CodeIgniter\CodeIgniter->run()
ERROR - 2022-12-20 02:15:43 --> mysqli_sql_exception: Unknown column 'assets' in 'where clause' in C:\wamp64\www\hedge-square\system\Database\MySQLi\Connection.php:292
Stack trace:
#0 C:\wamp64\www\hedge-square\system\Database\MySQLi\Connection.php(292): mysqli->query('SELECT * FROM b...', 0)
#1 C:\wamp64\www\hedge-square\system\Database\BaseConnection.php(666): CodeIgniter\Database\MySQLi\Connection->execute('SELECT * FROM b...')
#2 C:\wamp64\www\hedge-square\system\Database\BaseConnection.php(593): CodeIgniter\Database\BaseConnection->simpleQuery('SELECT * FROM b...')
#3 C:\wamp64\www\hedge-square\app\Models\MainModel.php(89): CodeIgniter\Database\BaseConnection->query('SELECT * FROM b...')
#4 C:\wamp64\www\hedge-square\app\Controllers\Landing.php(51): App\Models\MainModel->display_single_blog('assets')
#5 C:\wamp64\www\hedge-square\system\CodeIgniter.php(927): App\Controllers\Landing->blog_single('assets', 'js', 'owl.carousel.mi...')
#6 C:\wamp64\www\hedge-square\system\CodeIgniter.php(482): CodeIgniter\CodeIgniter->runController(Object(App\Controllers\Landing))
#7 C:\wamp64\www\hedge-square\system\CodeIgniter.php(351): CodeIgniter\CodeIgniter->handleRequest(NULL, Object(Config\Cache), false)
#8 C:\wamp64\www\hedge-square\public\index.php(67): CodeIgniter\CodeIgniter->run()
#9 {main}
CRITICAL - 2022-12-20 02:15:43 --> Unknown column 'assets' in 'where clause'
in SYSTEMPATH\Database\MySQLi\Connection.php on line 292.
 1 SYSTEMPATH\Database\MySQLi\Connection.php(292): mysqli->query('SELECT * FROM blogs WHERE id = assets', 0)
 2 SYSTEMPATH\Database\BaseConnection.php(666): CodeIgniter\Database\MySQLi\Connection->execute('SELECT * FROM blogs WHERE id = assets')
 3 SYSTEMPATH\Database\BaseConnection.php(593): CodeIgniter\Database\BaseConnection->simpleQuery('SELECT * FROM blogs WHERE id = assets')
 4 APPPATH\Models\MainModel.php(89): CodeIgniter\Database\BaseConnection->query('SELECT * FROM blogs WHERE id = assets')
 5 APPPATH\Controllers\Landing.php(51): App\Models\MainModel->display_single_blog('FCPATH\\assets')
 6 SYSTEMPATH\CodeIgniter.php(927): App\Controllers\Landing->blog_single('FCPATH\\assets', 'js', 'owl.carousel.min.js')
 7 SYSTEMPATH\CodeIgniter.php(482): CodeIgniter\CodeIgniter->runController(Object(App\Controllers\Landing))
 8 SYSTEMPATH\CodeIgniter.php(351): CodeIgniter\CodeIgniter->handleRequest(null, Object(Config\Cache), false)
 9 FCPATH\index.php(67): CodeIgniter\CodeIgniter->run()
ERROR - 2022-12-20 02:15:43 --> mysqli_sql_exception: Unknown column 'assets' in 'where clause' in C:\wamp64\www\hedge-square\system\Database\MySQLi\Connection.php:292
Stack trace:
#0 C:\wamp64\www\hedge-square\system\Database\MySQLi\Connection.php(292): mysqli->query('SELECT * FROM b...', 0)
#1 C:\wamp64\www\hedge-square\system\Database\BaseConnection.php(666): CodeIgniter\Database\MySQLi\Connection->execute('SELECT * FROM b...')
#2 C:\wamp64\www\hedge-square\system\Database\BaseConnection.php(593): CodeIgniter\Database\BaseConnection->simpleQuery('SELECT * FROM b...')
#3 C:\wamp64\www\hedge-square\app\Models\MainModel.php(89): CodeIgniter\Database\BaseConnection->query('SELECT * FROM b...')
#4 C:\wamp64\www\hedge-square\app\Controllers\Landing.php(51): App\Models\MainModel->display_single_blog('assets')
#5 C:\wamp64\www\hedge-square\system\CodeIgniter.php(927): App\Controllers\Landing->blog_single('assets', 'css', 'aos.css')
#6 C:\wamp64\www\hedge-square\system\CodeIgniter.php(482): CodeIgniter\CodeIgniter->runController(Object(App\Controllers\Landing))
#7 C:\wamp64\www\hedge-square\system\CodeIgniter.php(351): CodeIgniter\CodeIgniter->handleRequest(NULL, Object(Config\Cache), false)
#8 C:\wamp64\www\hedge-square\public\index.php(67): CodeIgniter\CodeIgniter->run()
#9 {main}
CRITICAL - 2022-12-20 02:15:43 --> Unknown column 'assets' in 'where clause'
in SYSTEMPATH\Database\MySQLi\Connection.php on line 292.
 1 SYSTEMPATH\Database\MySQLi\Connection.php(292): mysqli->query('SELECT * FROM blogs WHERE id = assets', 0)
 2 SYSTEMPATH\Database\BaseConnection.php(666): CodeIgniter\Database\MySQLi\Connection->execute('SELECT * FROM blogs WHERE id = assets')
 3 SYSTEMPATH\Database\BaseConnection.php(593): CodeIgniter\Database\BaseConnection->simpleQuery('SELECT * FROM blogs WHERE id = assets')
 4 APPPATH\Models\MainModel.php(89): CodeIgniter\Database\BaseConnection->query('SELECT * FROM blogs WHERE id = assets')
 5 APPPATH\Controllers\Landing.php(51): App\Models\MainModel->display_single_blog('FCPATH\\assets')
 6 SYSTEMPATH\CodeIgniter.php(927): App\Controllers\Landing->blog_single('FCPATH\\assets', 'css', 'aos.css')
 7 SYSTEMPATH\CodeIgniter.php(482): CodeIgniter\CodeIgniter->runController(Object(App\Controllers\Landing))
 8 SYSTEMPATH\CodeIgniter.php(351): CodeIgniter\CodeIgniter->handleRequest(null, Object(Config\Cache), false)
 9 FCPATH\index.php(67): CodeIgniter\CodeIgniter->run()
ERROR - 2022-12-20 02:15:43 --> mysqli_sql_exception: Unknown column 'assets' in 'where clause' in C:\wamp64\www\hedge-square\system\Database\MySQLi\Connection.php:292
Stack trace:
#0 C:\wamp64\www\hedge-square\system\Database\MySQLi\Connection.php(292): mysqli->query('SELECT * FROM b...', 0)
#1 C:\wamp64\www\hedge-square\system\Database\BaseConnection.php(666): CodeIgniter\Database\MySQLi\Connection->execute('SELECT * FROM b...')
#2 C:\wamp64\www\hedge-square\system\Database\BaseConnection.php(593): CodeIgniter\Database\BaseConnection->simpleQuery('SELECT * FROM b...')
#3 C:\wamp64\www\hedge-square\app\Models\MainModel.php(89): CodeIgniter\Database\BaseConnection->query('SELECT * FROM b...')
#4 C:\wamp64\www\hedge-square\app\Controllers\Landing.php(51): App\Models\MainModel->display_single_blog('assets')
#5 C:\wamp64\www\hedge-square\system\CodeIgniter.php(927): App\Controllers\Landing->blog_single('assets', 'js', 'aos.js')
#6 C:\wamp64\www\hedge-square\system\CodeIgniter.php(482): CodeIgniter\CodeIgniter->runController(Object(App\Controllers\Landing))
#7 C:\wamp64\www\hedge-square\system\CodeIgniter.php(351): CodeIgniter\CodeIgniter->handleRequest(NULL, Object(Config\Cache), false)
#8 C:\wamp64\www\hedge-square\public\index.php(67): CodeIgniter\CodeIgniter->run()
#9 {main}
CRITICAL - 2022-12-20 02:15:43 --> Unknown column 'assets' in 'where clause'
in SYSTEMPATH\Database\MySQLi\Connection.php on line 292.
 1 SYSTEMPATH\Database\MySQLi\Connection.php(292): mysqli->query('SELECT * FROM blogs WHERE id = assets', 0)
 2 SYSTEMPATH\Database\BaseConnection.php(666): CodeIgniter\Database\MySQLi\Connection->execute('SELECT * FROM blogs WHERE id = assets')
 3 SYSTEMPATH\Database\BaseConnection.php(593): CodeIgniter\Database\BaseConnection->simpleQuery('SELECT * FROM blogs WHERE id = assets')
 4 APPPATH\Models\MainModel.php(89): CodeIgniter\Database\BaseConnection->query('SELECT * FROM blogs WHERE id = assets')
 5 APPPATH\Controllers\Landing.php(51): App\Models\MainModel->display_single_blog('FCPATH\\assets')
 6 SYSTEMPATH\CodeIgniter.php(927): App\Controllers\Landing->blog_single('FCPATH\\assets', 'js', 'aos.js')
 7 SYSTEMPATH\CodeIgniter.php(482): CodeIgniter\CodeIgniter->runController(Object(App\Controllers\Landing))
 8 SYSTEMPATH\CodeIgniter.php(351): CodeIgniter\CodeIgniter->handleRequest(null, Object(Config\Cache), false)
 9 FCPATH\index.php(67): CodeIgniter\CodeIgniter->run()
CRITICAL - 2022-12-20 03:14:14 --> syntax error, unexpected '$routes' (T_VARIABLE)
in APPPATH\Config\Routes.php on line 61.
 1 SYSTEMPATH\CodeIgniter.php(430): CodeIgniter\CodeIgniter->tryToRouteIt(null)
 2 SYSTEMPATH\CodeIgniter.php(351): CodeIgniter\CodeIgniter->handleRequest(null, Object(Config\Cache), false)
 3 FCPATH\index.php(67): CodeIgniter\CodeIgniter->run()
CRITICAL - 2022-12-20 03:19:17 --> include(business-solutions-popup.php): failed to open stream: No such file or directory
in APPPATH\Views\website\finance_and_accounting.php on line 158.
 1 APPPATH\Views\website\finance_and_accounting.php(158): CodeIgniter\Debug\Exceptions->errorHandler(2, 'include(business-solutions-popup.php): failed to open stream: No such file or directory', 'APPPATH\\Views\\website\\finance_and_accounting.php', 158, [])
 2 APPPATH\Views\website\finance_and_accounting.php(158): include()
 3 SYSTEMPATH\View\View.php(213): include('APPPATH\\Views\\website\\finance_and_accounting.php')
 4 SYSTEMPATH\View\View.php(216): CodeIgniter\View\View->CodeIgniter\View\{closure}()
 5 SYSTEMPATH\Common.php(1134): CodeIgniter\View\View->render('website/finance_and_accounting', [], true)
 6 APPPATH\Controllers\Landing.php(100): view('website/finance_and_accounting')
 7 SYSTEMPATH\CodeIgniter.php(927): App\Controllers\Landing->finance_and_accounting()
 8 SYSTEMPATH\CodeIgniter.php(482): CodeIgniter\CodeIgniter->runController(Object(App\Controllers\Landing))
 9 SYSTEMPATH\CodeIgniter.php(351): CodeIgniter\CodeIgniter->handleRequest(null, Object(Config\Cache), false)
10 FCPATH\index.php(67): CodeIgniter\CodeIgniter->run()
CRITICAL - 2022-12-20 03:38:06 --> Cannot redeclare App\Controllers\Landing::finance_and_accounting()
in APPPATH\Controllers\Landing.php on line 103.
 1 [internal function]: CodeIgniter\Debug\Exceptions->shutdownHandler()
CRITICAL - 2022-12-20 03:38:07 --> Cannot redeclare App\Controllers\Landing::finance_and_accounting()
in APPPATH\Controllers\Landing.php on line 103.
 1 [internal function]: CodeIgniter\Debug\Exceptions->shutdownHandler()
CRITICAL - 2022-12-20 03:38:10 --> Cannot redeclare App\Controllers\Landing::finance_and_accounting()
in APPPATH\Controllers\Landing.php on line 103.
 1 [internal function]: CodeIgniter\Debug\Exceptions->shutdownHandler()
CRITICAL - 2022-12-20 05:20:03 --> The original file is not a valid file.
in SYSTEMPATH\HTTP\Files\UploadedFile.php on line 137.
 1 SYSTEMPATH\HTTP\Files\UploadedFile.php(137): CodeIgniter\HTTP\Exceptions\HTTPException::forInvalidFile()
 2 APPPATH\Models\MainModel.php(93): CodeIgniter\HTTP\Files\UploadedFile->move('FCPATH\\assets\\cv')
 3 APPPATH\Controllers\Landing.php(90): App\Models\MainModel->apply_now_insert([...], Object(CodeIgniter\HTTP\Files\UploadedFile))
 4 SYSTEMPATH\CodeIgniter.php(927): App\Controllers\Landing->career_apply()
 5 SYSTEMPATH\CodeIgniter.php(482): CodeIgniter\CodeIgniter->runController(Object(App\Controllers\Landing))
 6 SYSTEMPATH\CodeIgniter.php(351): CodeIgniter\CodeIgniter->handleRequest(null, Object(Config\Cache), false)
 7 FCPATH\index.php(67): CodeIgniter\CodeIgniter->run()
CRITICAL - 2022-12-20 05:21:06 --> The original file is not a valid file.
in SYSTEMPATH\HTTP\Files\UploadedFile.php on line 137.
 1 SYSTEMPATH\HTTP\Files\UploadedFile.php(137): CodeIgniter\HTTP\Exceptions\HTTPException::forInvalidFile()
 2 APPPATH\Models\MainModel.php(93): CodeIgniter\HTTP\Files\UploadedFile->move('FCPATH\\assets\\cv')
 3 APPPATH\Controllers\Landing.php(90): App\Models\MainModel->apply_now_insert([...], Object(CodeIgniter\HTTP\Files\UploadedFile))
 4 SYSTEMPATH\CodeIgniter.php(927): App\Controllers\Landing->career_apply()
 5 SYSTEMPATH\CodeIgniter.php(482): CodeIgniter\CodeIgniter->runController(Object(App\Controllers\Landing))
 6 SYSTEMPATH\CodeIgniter.php(351): CodeIgniter\CodeIgniter->handleRequest(null, Object(Config\Cache), false)
 7 FCPATH\index.php(67): CodeIgniter\CodeIgniter->run()
CRITICAL - 2022-12-20 05:21:56 --> The original file is not a valid file.
in SYSTEMPATH\HTTP\Files\UploadedFile.php on line 137.
 1 SYSTEMPATH\HTTP\Files\UploadedFile.php(137): CodeIgniter\HTTP\Exceptions\HTTPException::forInvalidFile()
 2 APPPATH\Models\MainModel.php(93): CodeIgniter\HTTP\Files\UploadedFile->move('FCPATH\\assets\\cv')
 3 APPPATH\Controllers\Landing.php(90): App\Models\MainModel->apply_now_insert([...], Object(CodeIgniter\HTTP\Files\UploadedFile))
 4 SYSTEMPATH\CodeIgniter.php(927): App\Controllers\Landing->career_apply()
 5 SYSTEMPATH\CodeIgniter.php(482): CodeIgniter\CodeIgniter->runController(Object(App\Controllers\Landing))
 6 SYSTEMPATH\CodeIgniter.php(351): CodeIgniter\CodeIgniter->handleRequest(null, Object(Config\Cache), false)
 7 FCPATH\index.php(67): CodeIgniter\CodeIgniter->run()
CRITICAL - 2022-12-20 05:22:02 --> The original file is not a valid file.
in SYSTEMPATH\HTTP\Files\UploadedFile.php on line 137.
 1 SYSTEMPATH\HTTP\Files\UploadedFile.php(137): CodeIgniter\HTTP\Exceptions\HTTPException::forInvalidFile()
 2 APPPATH\Models\MainModel.php(93): CodeIgniter\HTTP\Files\UploadedFile->move('FCPATH\\assets\\cv')
 3 APPPATH\Controllers\Landing.php(90): App\Models\MainModel->apply_now_insert([...], Object(CodeIgniter\HTTP\Files\UploadedFile))
 4 SYSTEMPATH\CodeIgniter.php(927): App\Controllers\Landing->career_apply()
 5 SYSTEMPATH\CodeIgniter.php(482): CodeIgniter\CodeIgniter->runController(Object(App\Controllers\Landing))
 6 SYSTEMPATH\CodeIgniter.php(351): CodeIgniter\CodeIgniter->handleRequest(null, Object(Config\Cache), false)
 7 FCPATH\index.php(67): CodeIgniter\CodeIgniter->run()
