CRITICAL - 2022-12-12 01:30:23 --> Invalid file: header.php
in SYSTEMPATH\Exceptions\FrameworkException.php on line 33.
 1 SYSTEMPATH\View\View.php(201): CodeIgniter\Exceptions\FrameworkException::forInvalidFile('header.php')
 2 SYSTEMPATH\Common.php(1134): CodeIgniter\View\View->render('header', [], true)
 3 APPPATH\Views\Main.php(1): view('header')
 4 SYSTEMPATH\View\View.php(213): include('APPPATH\\Views\\Main.php')
 5 SYSTEMPATH\View\View.php(216): CodeIgniter\View\View->CodeIgniter\View\{closure}()
 6 SYSTEMPATH\Common.php(1134): CodeIgniter\View\View->render('Main', [], true)
 7 APPPATH\Controllers\Landing.php(11): view('Main')
 8 SYSTEMPATH\CodeIgniter.php(927): App\Controllers\Landing->Home()
 9 SYSTEMPATH\CodeIgniter.php(482): CodeIgniter\CodeIgniter->runController(Object(App\Controllers\Landing))
10 SYSTEMPATH\CodeIgniter.php(351): CodeIgniter\CodeIgniter->handleRequest(null, Object(Config\Cache), false)
11 FCPATH\index.php(67): CodeIgniter\CodeIgniter->run()
CRITICAL - 2022-12-12 01:31:19 --> Invalid file: header.php
in SYSTEMPATH\Exceptions\FrameworkException.php on line 33.
 1 SYSTEMPATH\View\View.php(201): CodeIgniter\Exceptions\FrameworkException::forInvalidFile('header.php')
 2 SYSTEMPATH\Common.php(1134): CodeIgniter\View\View->render('header.php', [], true)
 3 APPPATH\Views\Main.php(1): view('header.php')
 4 SYSTEMPATH\View\View.php(213): include('APPPATH\\Views\\Main.php')
 5 SYSTEMPATH\View\View.php(216): CodeIgniter\View\View->CodeIgniter\View\{closure}()
 6 SYSTEMPATH\Common.php(1134): CodeIgniter\View\View->render('Main', [], true)
 7 APPPATH\Controllers\Landing.php(11): view('Main')
 8 SYSTEMPATH\CodeIgniter.php(927): App\Controllers\Landing->Home()
 9 SYSTEMPATH\CodeIgniter.php(482): CodeIgniter\CodeIgniter->runController(Object(App\Controllers\Landing))
10 SYSTEMPATH\CodeIgniter.php(351): CodeIgniter\CodeIgniter->handleRequest(null, Object(Config\Cache), false)
11 FCPATH\index.php(67): CodeIgniter\CodeIgniter->run()
CRITICAL - 2022-12-12 01:36:14 --> Invalid file: header.php
in SYSTEMPATH\Exceptions\FrameworkException.php on line 33.
 1 SYSTEMPATH\View\View.php(201): CodeIgniter\Exceptions\FrameworkException::forInvalidFile('header.php')
 2 SYSTEMPATH\Common.php(1134): CodeIgniter\View\View->render('header', [], true)
 3 APPPATH\Views\Main.php(2): view('header')
 4 SYSTEMPATH\View\View.php(213): include('APPPATH\\Views\\Main.php')
 5 SYSTEMPATH\View\View.php(216): CodeIgniter\View\View->CodeIgniter\View\{closure}()
 6 SYSTEMPATH\Common.php(1134): CodeIgniter\View\View->render('Main', [], true)
 7 APPPATH\Controllers\Landing.php(11): view('Main')
 8 SYSTEMPATH\CodeIgniter.php(927): App\Controllers\Landing->Home()
 9 SYSTEMPATH\CodeIgniter.php(482): CodeIgniter\CodeIgniter->runController(Object(App\Controllers\Landing))
10 SYSTEMPATH\CodeIgniter.php(351): CodeIgniter\CodeIgniter->handleRequest(null, Object(Config\Cache), false)
11 FCPATH\index.php(67): CodeIgniter\CodeIgniter->run()
CRITICAL - 2022-12-12 01:37:01 --> Invalid file: header.php
in SYSTEMPATH\Exceptions\FrameworkException.php on line 33.
 1 SYSTEMPATH\View\View.php(201): CodeIgniter\Exceptions\FrameworkException::forInvalidFile('header.php')
 2 SYSTEMPATH\Common.php(1134): CodeIgniter\View\View->render('header', [], true)
 3 APPPATH\Views\main.php(2): view('header')
 4 SYSTEMPATH\View\View.php(213): include('APPPATH\\Views\\main.php')
 5 SYSTEMPATH\View\View.php(216): CodeIgniter\View\View->CodeIgniter\View\{closure}()
 6 SYSTEMPATH\Common.php(1134): CodeIgniter\View\View->render('main', [], true)
 7 APPPATH\Controllers\Landing.php(11): view('main')
 8 SYSTEMPATH\CodeIgniter.php(927): App\Controllers\Landing->Home()
 9 SYSTEMPATH\CodeIgniter.php(482): CodeIgniter\CodeIgniter->runController(Object(App\Controllers\Landing))
10 SYSTEMPATH\CodeIgniter.php(351): CodeIgniter\CodeIgniter->handleRequest(null, Object(Config\Cache), false)
11 FCPATH\index.php(67): CodeIgniter\CodeIgniter->run()
CRITICAL - 2022-12-12 01:37:04 --> Invalid file: header.php
in SYSTEMPATH\Exceptions\FrameworkException.php on line 33.
 1 SYSTEMPATH\View\View.php(201): CodeIgniter\Exceptions\FrameworkException::forInvalidFile('header.php')
 2 SYSTEMPATH\Common.php(1134): CodeIgniter\View\View->render('header', [], true)
 3 APPPATH\Views\main.php(2): view('header')
 4 SYSTEMPATH\View\View.php(213): include('APPPATH\\Views\\main.php')
 5 SYSTEMPATH\View\View.php(216): CodeIgniter\View\View->CodeIgniter\View\{closure}()
 6 SYSTEMPATH\Common.php(1134): CodeIgniter\View\View->render('main', [], true)
 7 APPPATH\Controllers\Landing.php(11): view('main')
 8 SYSTEMPATH\CodeIgniter.php(927): App\Controllers\Landing->Home()
 9 SYSTEMPATH\CodeIgniter.php(482): CodeIgniter\CodeIgniter->runController(Object(App\Controllers\Landing))
10 SYSTEMPATH\CodeIgniter.php(351): CodeIgniter\CodeIgniter->handleRequest(null, Object(Config\Cache), false)
11 FCPATH\index.php(67): CodeIgniter\CodeIgniter->run()
CRITICAL - 2022-12-12 01:37:04 --> Invalid file: header.php
in SYSTEMPATH\Exceptions\FrameworkException.php on line 33.
 1 SYSTEMPATH\View\View.php(201): CodeIgniter\Exceptions\FrameworkException::forInvalidFile('header.php')
 2 SYSTEMPATH\Common.php(1134): CodeIgniter\View\View->render('header', [], true)
 3 APPPATH\Views\main.php(2): view('header')
 4 SYSTEMPATH\View\View.php(213): include('APPPATH\\Views\\main.php')
 5 SYSTEMPATH\View\View.php(216): CodeIgniter\View\View->CodeIgniter\View\{closure}()
 6 SYSTEMPATH\Common.php(1134): CodeIgniter\View\View->render('main', [], true)
 7 APPPATH\Controllers\Landing.php(11): view('main')
 8 SYSTEMPATH\CodeIgniter.php(927): App\Controllers\Landing->Home()
 9 SYSTEMPATH\CodeIgniter.php(482): CodeIgniter\CodeIgniter->runController(Object(App\Controllers\Landing))
10 SYSTEMPATH\CodeIgniter.php(351): CodeIgniter\CodeIgniter->handleRequest(null, Object(Config\Cache), false)
11 FCPATH\index.php(67): CodeIgniter\CodeIgniter->run()
CRITICAL - 2022-12-12 01:37:04 --> Invalid file: header.php
in SYSTEMPATH\Exceptions\FrameworkException.php on line 33.
 1 SYSTEMPATH\View\View.php(201): CodeIgniter\Exceptions\FrameworkException::forInvalidFile('header.php')
 2 SYSTEMPATH\Common.php(1134): CodeIgniter\View\View->render('header', [], true)
 3 APPPATH\Views\main.php(2): view('header')
 4 SYSTEMPATH\View\View.php(213): include('APPPATH\\Views\\main.php')
 5 SYSTEMPATH\View\View.php(216): CodeIgniter\View\View->CodeIgniter\View\{closure}()
 6 SYSTEMPATH\Common.php(1134): CodeIgniter\View\View->render('main', [], true)
 7 APPPATH\Controllers\Landing.php(11): view('main')
 8 SYSTEMPATH\CodeIgniter.php(927): App\Controllers\Landing->Home()
 9 SYSTEMPATH\CodeIgniter.php(482): CodeIgniter\CodeIgniter->runController(Object(App\Controllers\Landing))
10 SYSTEMPATH\CodeIgniter.php(351): CodeIgniter\CodeIgniter->handleRequest(null, Object(Config\Cache), false)
11 FCPATH\index.php(67): CodeIgniter\CodeIgniter->run()
CRITICAL - 2022-12-12 01:37:04 --> Invalid file: header.php
in SYSTEMPATH\Exceptions\FrameworkException.php on line 33.
 1 SYSTEMPATH\View\View.php(201): CodeIgniter\Exceptions\FrameworkException::forInvalidFile('header.php')
 2 SYSTEMPATH\Common.php(1134): CodeIgniter\View\View->render('header', [], true)
 3 APPPATH\Views\main.php(2): view('header')
 4 SYSTEMPATH\View\View.php(213): include('APPPATH\\Views\\main.php')
 5 SYSTEMPATH\View\View.php(216): CodeIgniter\View\View->CodeIgniter\View\{closure}()
 6 SYSTEMPATH\Common.php(1134): CodeIgniter\View\View->render('main', [], true)
 7 APPPATH\Controllers\Landing.php(11): view('main')
 8 SYSTEMPATH\CodeIgniter.php(927): App\Controllers\Landing->Home()
 9 SYSTEMPATH\CodeIgniter.php(482): CodeIgniter\CodeIgniter->runController(Object(App\Controllers\Landing))
10 SYSTEMPATH\CodeIgniter.php(351): CodeIgniter\CodeIgniter->handleRequest(null, Object(Config\Cache), false)
11 FCPATH\index.php(67): CodeIgniter\CodeIgniter->run()
CRITICAL - 2022-12-12 01:37:04 --> Invalid file: header.php
in SYSTEMPATH\Exceptions\FrameworkException.php on line 33.
 1 SYSTEMPATH\View\View.php(201): CodeIgniter\Exceptions\FrameworkException::forInvalidFile('header.php')
 2 SYSTEMPATH\Common.php(1134): CodeIgniter\View\View->render('header', [], true)
 3 APPPATH\Views\main.php(2): view('header')
 4 SYSTEMPATH\View\View.php(213): include('APPPATH\\Views\\main.php')
 5 SYSTEMPATH\View\View.php(216): CodeIgniter\View\View->CodeIgniter\View\{closure}()
 6 SYSTEMPATH\Common.php(1134): CodeIgniter\View\View->render('main', [], true)
 7 APPPATH\Controllers\Landing.php(11): view('main')
 8 SYSTEMPATH\CodeIgniter.php(927): App\Controllers\Landing->Home()
 9 SYSTEMPATH\CodeIgniter.php(482): CodeIgniter\CodeIgniter->runController(Object(App\Controllers\Landing))
10 SYSTEMPATH\CodeIgniter.php(351): CodeIgniter\CodeIgniter->handleRequest(null, Object(Config\Cache), false)
11 FCPATH\index.php(67): CodeIgniter\CodeIgniter->run()
CRITICAL - 2022-12-12 01:38:04 --> Invalid file: headers\header.php
in SYSTEMPATH\Exceptions\FrameworkException.php on line 33.
 1 SYSTEMPATH\View\View.php(201): CodeIgniter\Exceptions\FrameworkException::forInvalidFile('headers\\header.php')
 2 SYSTEMPATH\Common.php(1134): CodeIgniter\View\View->render('headers\\header', [], true)
 3 APPPATH\Views\main.php(2): view('headers\\header')
 4 SYSTEMPATH\View\View.php(213): include('APPPATH\\Views\\main.php')
 5 SYSTEMPATH\View\View.php(216): CodeIgniter\View\View->CodeIgniter\View\{closure}()
 6 SYSTEMPATH\Common.php(1134): CodeIgniter\View\View->render('main', [], true)
 7 APPPATH\Controllers\Landing.php(11): view('main')
 8 SYSTEMPATH\CodeIgniter.php(927): App\Controllers\Landing->Home()
 9 SYSTEMPATH\CodeIgniter.php(482): CodeIgniter\CodeIgniter->runController(Object(App\Controllers\Landing))
10 SYSTEMPATH\CodeIgniter.php(351): CodeIgniter\CodeIgniter->handleRequest(null, Object(Config\Cache), false)
11 FCPATH\index.php(67): CodeIgniter\CodeIgniter->run()
CRITICAL - 2022-12-12 03:26:45 --> Invalid file: dashboard.php
in SYSTEMPATH\Exceptions\FrameworkException.php on line 33.
 1 SYSTEMPATH\View\View.php(201): CodeIgniter\Exceptions\FrameworkException::forInvalidFile('dashboard.php')
 2 SYSTEMPATH\Common.php(1134): CodeIgniter\View\View->render('dashboard', [], true)
 3 APPPATH\Controllers\Dashboard.php(12): view('dashboard')
 4 SYSTEMPATH\CodeIgniter.php(927): App\Controllers\Dashboard->main()
 5 SYSTEMPATH\CodeIgniter.php(482): CodeIgniter\CodeIgniter->runController(Object(App\Controllers\Dashboard))
 6 SYSTEMPATH\CodeIgniter.php(351): CodeIgniter\CodeIgniter->handleRequest(null, Object(Config\Cache), false)
 7 FCPATH\index.php(67): CodeIgniter\CodeIgniter->run()
CRITICAL - 2022-12-12 04:10:47 --> Call to a member function get_all_menus() on null
in APPPATH\Views\admin-footer.php on line 19.
 1 SYSTEMPATH\View\View.php(213): include()
 2 SYSTEMPATH\View\View.php(216): CodeIgniter\View\View->CodeIgniter\View\{closure}()
 3 SYSTEMPATH\Common.php(1134): CodeIgniter\View\View->render('admin-footer', [], true)
 4 APPPATH\Views\Admin\dashboard.php(2): view('admin-footer')
 5 SYSTEMPATH\View\View.php(213): include('APPPATH\\Views\\Admin\\dashboard.php')
 6 SYSTEMPATH\View\View.php(216): CodeIgniter\View\View->CodeIgniter\View\{closure}()
 7 SYSTEMPATH\Common.php(1134): CodeIgniter\View\View->render('Admin/dashboard', [], true)
 8 APPPATH\Controllers\Dashboard.php(16): view('Admin/dashboard')
 9 SYSTEMPATH\CodeIgniter.php(927): App\Controllers\Dashboard->main()
10 SYSTEMPATH\CodeIgniter.php(482): CodeIgniter\CodeIgniter->runController(Object(App\Controllers\Dashboard))
11 SYSTEMPATH\CodeIgniter.php(351): CodeIgniter\CodeIgniter->handleRequest(null, Object(Config\Cache), false)
12 FCPATH\index.php(67): CodeIgniter\CodeIgniter->run()
CRITICAL - 2022-12-12 04:14:57 --> Undefined variable: menuid
in APPPATH\Views\admin-footer.php on line 16.
 1 APPPATH\Views\admin-footer.php(16): CodeIgniter\Debug\Exceptions->errorHandler(8, 'Undefined variable: menuid', 'APPPATH\\Views\\admin-footer.php', 16, [])
 2 SYSTEMPATH\View\View.php(213): include('APPPATH\\Views\\admin-footer.php')
 3 SYSTEMPATH\View\View.php(216): CodeIgniter\View\View->CodeIgniter\View\{closure}()
 4 SYSTEMPATH\Common.php(1134): CodeIgniter\View\View->render('admin-footer', [], true)
 5 APPPATH\Views\Admin\dashboard.php(2): view('admin-footer')
 6 SYSTEMPATH\View\View.php(213): include('APPPATH\\Views\\Admin\\dashboard.php')
 7 SYSTEMPATH\View\View.php(216): CodeIgniter\View\View->CodeIgniter\View\{closure}()
 8 SYSTEMPATH\Common.php(1134): CodeIgniter\View\View->render('Admin/dashboard', [], true)
 9 APPPATH\Controllers\Dashboard.php(16): view('Admin/dashboard')
10 SYSTEMPATH\CodeIgniter.php(927): App\Controllers\Dashboard->main()
11 SYSTEMPATH\CodeIgniter.php(482): CodeIgniter\CodeIgniter->runController(Object(App\Controllers\Dashboard))
12 SYSTEMPATH\CodeIgniter.php(351): CodeIgniter\CodeIgniter->handleRequest(null, Object(Config\Cache), false)
13 FCPATH\index.php(67): CodeIgniter\CodeIgniter->run()
CRITICAL - 2022-12-12 05:36:14 --> Undefined variable: product
in APPPATH\Views\Admin\blogs.php on line 49.
 1 APPPATH\Views\Admin\blogs.php(49): CodeIgniter\Debug\Exceptions->errorHandler(8, 'Undefined variable: product', 'APPPATH\\Views\\Admin\\blogs.php', 49, [])
 2 SYSTEMPATH\View\View.php(213): include('APPPATH\\Views\\Admin\\blogs.php')
 3 SYSTEMPATH\View\View.php(216): CodeIgniter\View\View->CodeIgniter\View\{closure}()
 4 SYSTEMPATH\Common.php(1134): CodeIgniter\View\View->render('Admin/blogs', [], true)
 5 APPPATH\Controllers\Dashboard.php(20): view('Admin/blogs')
 6 SYSTEMPATH\CodeIgniter.php(927): App\Controllers\Dashboard->blogs()
 7 SYSTEMPATH\CodeIgniter.php(482): CodeIgniter\CodeIgniter->runController(Object(App\Controllers\Dashboard))
 8 SYSTEMPATH\CodeIgniter.php(351): CodeIgniter\CodeIgniter->handleRequest(null, Object(Config\Cache), false)
 9 FCPATH\index.php(67): CodeIgniter\CodeIgniter->run()
CRITICAL - 2022-12-12 05:36:58 --> Undefined variable: prdct
in APPPATH\Views\Admin\blogs.php on line 58.
 1 APPPATH\Views\Admin\blogs.php(58): CodeIgniter\Debug\Exceptions->errorHandler(8, 'Undefined variable: prdct', 'APPPATH\\Views\\Admin\\blogs.php', 58, [])
 2 SYSTEMPATH\View\View.php(213): include('APPPATH\\Views\\Admin\\blogs.php')
 3 SYSTEMPATH\View\View.php(216): CodeIgniter\View\View->CodeIgniter\View\{closure}()
 4 SYSTEMPATH\Common.php(1134): CodeIgniter\View\View->render('Admin/blogs', [], true)
 5 APPPATH\Controllers\Dashboard.php(20): view('Admin/blogs')
 6 SYSTEMPATH\CodeIgniter.php(927): App\Controllers\Dashboard->blogs()
 7 SYSTEMPATH\CodeIgniter.php(482): CodeIgniter\CodeIgniter->runController(Object(App\Controllers\Dashboard))
 8 SYSTEMPATH\CodeIgniter.php(351): CodeIgniter\CodeIgniter->handleRequest(null, Object(Config\Cache), false)
 9 FCPATH\index.php(67): CodeIgniter\CodeIgniter->run()
CRITICAL - 2022-12-12 06:26:09 --> Undefined variable: blog_display
in APPPATH\Views\Admin\blogs.php on line 37.
 1 APPPATH\Views\Admin\blogs.php(37): CodeIgniter\Debug\Exceptions->errorHandler(8, 'Undefined variable: blog_display', 'APPPATH\\Views\\Admin\\blogs.php', 37, [])
 2 SYSTEMPATH\View\View.php(213): include('APPPATH\\Views\\Admin\\blogs.php')
 3 SYSTEMPATH\View\View.php(216): CodeIgniter\View\View->CodeIgniter\View\{closure}()
 4 SYSTEMPATH\Common.php(1134): CodeIgniter\View\View->render('Admin/blogs', [], true)
 5 APPPATH\Controllers\Dashboard.php(20): view('Admin/blogs')
 6 SYSTEMPATH\CodeIgniter.php(927): App\Controllers\Dashboard->blogs()
 7 SYSTEMPATH\CodeIgniter.php(482): CodeIgniter\CodeIgniter->runController(Object(App\Controllers\Dashboard))
 8 SYSTEMPATH\CodeIgniter.php(351): CodeIgniter\CodeIgniter->handleRequest(null, Object(Config\Cache), false)
 9 FCPATH\index.php(67): CodeIgniter\CodeIgniter->run()
CRITICAL - 2022-12-12 06:27:24 --> Undefined property: App\Controllers\Dashboard::$model
in APPPATH\Controllers\Dashboard.php on line 20.
 1 APPPATH\Controllers\Dashboard.php(20): CodeIgniter\Debug\Exceptions->errorHandler(8, 'Undefined property: App\\Controllers\\Dashboard::$model', 'APPPATH\\Controllers\\Dashboard.php', 20, [])
 2 SYSTEMPATH\CodeIgniter.php(927): App\Controllers\Dashboard->blogs()
 3 SYSTEMPATH\CodeIgniter.php(482): CodeIgniter\CodeIgniter->runController(Object(App\Controllers\Dashboard))
 4 SYSTEMPATH\CodeIgniter.php(351): CodeIgniter\CodeIgniter->handleRequest(null, Object(Config\Cache), false)
 5 FCPATH\index.php(67): CodeIgniter\CodeIgniter->run()
CRITICAL - 2022-12-12 06:29:16 --> Undefined property: App\Controllers\Dashboard::$Model
in APPPATH\Controllers\Dashboard.php on line 21.
 1 APPPATH\Controllers\Dashboard.php(21): CodeIgniter\Debug\Exceptions->errorHandler(8, 'Undefined property: App\\Controllers\\Dashboard::$Model', 'APPPATH\\Controllers\\Dashboard.php', 21, [])
 2 SYSTEMPATH\CodeIgniter.php(927): App\Controllers\Dashboard->blogs()
 3 SYSTEMPATH\CodeIgniter.php(482): CodeIgniter\CodeIgniter->runController(Object(App\Controllers\Dashboard))
 4 SYSTEMPATH\CodeIgniter.php(351): CodeIgniter\CodeIgniter->handleRequest(null, Object(Config\Cache), false)
 5 FCPATH\index.php(67): CodeIgniter\CodeIgniter->run()
CRITICAL - 2022-12-12 06:29:18 --> Undefined property: App\Controllers\Dashboard::$Model
in APPPATH\Controllers\Dashboard.php on line 21.
 1 APPPATH\Controllers\Dashboard.php(21): CodeIgniter\Debug\Exceptions->errorHandler(8, 'Undefined property: App\\Controllers\\Dashboard::$Model', 'APPPATH\\Controllers\\Dashboard.php', 21, [])
 2 SYSTEMPATH\CodeIgniter.php(927): App\Controllers\Dashboard->blogs()
 3 SYSTEMPATH\CodeIgniter.php(482): CodeIgniter\CodeIgniter->runController(Object(App\Controllers\Dashboard))
 4 SYSTEMPATH\CodeIgniter.php(351): CodeIgniter\CodeIgniter->handleRequest(null, Object(Config\Cache), false)
 5 FCPATH\index.php(67): CodeIgniter\CodeIgniter->run()
CRITICAL - 2022-12-12 06:29:18 --> Undefined property: App\Controllers\Dashboard::$Model
in APPPATH\Controllers\Dashboard.php on line 21.
 1 APPPATH\Controllers\Dashboard.php(21): CodeIgniter\Debug\Exceptions->errorHandler(8, 'Undefined property: App\\Controllers\\Dashboard::$Model', 'APPPATH\\Controllers\\Dashboard.php', 21, [])
 2 SYSTEMPATH\CodeIgniter.php(927): App\Controllers\Dashboard->blogs()
 3 SYSTEMPATH\CodeIgniter.php(482): CodeIgniter\CodeIgniter->runController(Object(App\Controllers\Dashboard))
 4 SYSTEMPATH\CodeIgniter.php(351): CodeIgniter\CodeIgniter->handleRequest(null, Object(Config\Cache), false)
 5 FCPATH\index.php(67): CodeIgniter\CodeIgniter->run()
CRITICAL - 2022-12-12 06:29:19 --> Undefined property: App\Controllers\Dashboard::$Model
in APPPATH\Controllers\Dashboard.php on line 21.
 1 APPPATH\Controllers\Dashboard.php(21): CodeIgniter\Debug\Exceptions->errorHandler(8, 'Undefined property: App\\Controllers\\Dashboard::$Model', 'APPPATH\\Controllers\\Dashboard.php', 21, [])
 2 SYSTEMPATH\CodeIgniter.php(927): App\Controllers\Dashboard->blogs()
 3 SYSTEMPATH\CodeIgniter.php(482): CodeIgniter\CodeIgniter->runController(Object(App\Controllers\Dashboard))
 4 SYSTEMPATH\CodeIgniter.php(351): CodeIgniter\CodeIgniter->handleRequest(null, Object(Config\Cache), false)
 5 FCPATH\index.php(67): CodeIgniter\CodeIgniter->run()
